0 info it worked if it ends with ok
1 verbose cli [ '/Users/kaustav.haldar@ibm.com/.nvm/versions/node/v6.14.1/bin/node',
1 verbose cli   '/Users/kaustav.haldar@ibm.com/.nvm/versions/node/v6.14.1/bin/npm',
1 verbose cli   'run',
1 verbose cli   'git' ]
2 info using npm@3.10.10
3 info using node@v6.14.1
4 verbose run-script [ 'pregit', 'git', 'postgit' ]
5 info lifecycle CV@~pregit: CV@
6 silly lifecycle CV@~pregit: no script for pregit, continuing
7 info lifecycle CV@~git: CV@
8 verbose lifecycle CV@~git: unsafe-perm in lifecycle true
9 verbose lifecycle CV@~git: PATH: /Users/kaustav.haldar@ibm.com/.nvm/versions/node/v6.14.1/lib/node_modules/npm/bin/node-gyp-bin:/Users/kaustav.haldar@ibm.com/Documents/Dev/kaustavha.github.com/kaustav-haldar-resume/node_modules/.bin:/Users/kaustav.haldar@ibm.com/.nvm/versions/node/v6.14.1/lib/node_modules/npm/bin/node-gyp-bin:/Users/kaustav.haldar@ibm.com/Documents/Dev/kaustavha.github.com/node_modules/.bin:/Users/kaustav.haldar@ibm.com/.nvm/versions/node/v6.14.1/bin:/Users/kaustav.haldar@ibm.com/.rbenv/shims:/Users/kaustav.haldar@ibm.com/bin:/usr/local/bin:/usr/bin:/bin:/usr/sbin:/sbin:/opt/X11/bin
10 verbose lifecycle CV@~git: CWD: /Users/kaustav.haldar@ibm.com/Documents/Dev/kaustavha.github.com/kaustav-haldar-resume
11 silly lifecycle CV@~git: Args: [ '-c',
11 silly lifecycle   'git add . && git commit -am \'Autoupdate\' && git push && cd .. && npm run update' ]
12 silly lifecycle CV@~git: Returned: code: 128  signal: null
13 info lifecycle CV@~git: Failed to exec git script
14 verbose stack Error: CV@ git: `git add . && git commit -am 'Autoupdate' && git push && cd .. && npm run update`
14 verbose stack Exit status 128
14 verbose stack     at EventEmitter.<anonymous> (/Users/kaustav.haldar@ibm.com/.nvm/versions/node/v6.14.1/lib/node_modules/npm/lib/utils/lifecycle.js:255:16)
14 verbose stack     at emitTwo (events.js:106:13)
14 verbose stack     at EventEmitter.emit (events.js:191:7)
14 verbose stack     at ChildProcess.<anonymous> (/Users/kaustav.haldar@ibm.com/.nvm/versions/node/v6.14.1/lib/node_modules/npm/lib/utils/spawn.js:40:14)
14 verbose stack     at emitTwo (events.js:106:13)
14 verbose stack     at ChildProcess.emit (events.js:191:7)
14 verbose stack     at maybeClose (internal/child_process.js:920:16)
14 verbose stack     at Process.ChildProcess._handle.onexit (internal/child_process.js:230:5)
15 verbose pkgid CV@
16 verbose cwd /Users/kaustav.haldar@ibm.com/Documents/Dev/kaustavha.github.com/kaustav-haldar-resume
17 error Darwin 17.5.0
18 error argv "/Users/kaustav.haldar@ibm.com/.nvm/versions/node/v6.14.1/bin/node" "/Users/kaustav.haldar@ibm.com/.nvm/versions/node/v6.14.1/bin/npm" "run" "git"
19 error node v6.14.1
20 error npm  v3.10.10
21 error code ELIFECYCLE
22 error CV@ git: `git add . && git commit -am 'Autoupdate' && git push && cd .. && npm run update`
22 error Exit status 128
23 error Failed at the CV@ git script 'git add . && git commit -am 'Autoupdate' && git push && cd .. && npm run update'.
23 error Make sure you have the latest version of node.js and npm installed.
23 error If you do, this is most likely a problem with the CV package,
23 error not with npm itself.
23 error Tell the author that this fails on your system:
23 error     git add . && git commit -am 'Autoupdate' && git push && cd .. && npm run update
23 error You can get information on how to open an issue for this project with:
23 error     npm bugs CV
23 error Or if that isn't available, you can get their info via:
23 error     npm owner ls CV
23 error There is likely additional logging output above.
24 verbose exit [ 1, true ]
